22:17:36 INFO  : Registering command handlers for SDK TCF services
22:17:37 INFO  : Launching XSCT server: xsct.bat -interactive C:\Users\opqrs\Desktop\00_RTL_Skeleton\dsd_mlp.sdk\temp_xsdb_launch_script.tcl
22:17:39 INFO  : XSCT server has started successfully.
22:17:39 INFO  : Successfully done setting XSCT server connection channel  
22:17:39 INFO  : Successfully done setting SDK workspace  
22:17:39 INFO  : Processing command line option -hwspec C:/Users/opqrs/Desktop/00_RTL_Skeleton/dsd_mlp.sdk/design_1_wrapper.hdf.
22:19:41 INFO  : Connected to target on host '127.0.0.1' and port '3121'.
22:19:41 INFO  : Jtag cable 'Digilent Zybo Z7 210351B10480A' is selected.
22:19:41 INFO  : 'jtag frequency' command is executed.
22:19:41 INFO  : Sourcing of 'C:/Users/opqrs/Desktop/00_RTL_Skeleton/dsd_mlp.sdk/design_1_wrapper_hw_platform_0/ps7_init.tcl' is done.
22:19:41 INFO  : Context for 'APU' is selected.
22:19:41 INFO  : System reset is completed.
22:19:44 INFO  : 'after 3000' command is executed.
22:19:44 INFO  : 'targets -set -filter {jtag_cable_name =~ "Digilent Zybo Z7 210351B10480A" && level==0} -index 1' command is executed.
22:19:47 INFO  : FPGA configured successfully with bitstream "C:/Users/opqrs/Desktop/00_RTL_Skeleton/dsd_mlp.sdk/design_1_wrapper_hw_platform_0/design_1_wrapper.bit"
22:19:47 INFO  : Context for 'APU' is selected.
22:19:47 INFO  : Hardware design information is loaded from 'C:/Users/opqrs/Desktop/00_RTL_Skeleton/dsd_mlp.sdk/design_1_wrapper_hw_platform_0/system.hdf'.
22:19:47 INFO  : 'configparams force-mem-access 1' command is executed.
22:19:47 INFO  : Context for 'APU' is selected.
22:19:47 INFO  : 'ps7_init' command is executed.
22:19:47 INFO  : 'ps7_post_config' command is executed.
22:19:47 INFO  : Context for processor 'ps7_cortexa9_0' is selected.
22:19:47 INFO  : The application 'C:/Users/opqrs/Desktop/00_RTL_Skeleton/dsd_mlp.sdk/dsd_mlp/Debug/dsd_mlp.elf' is downloaded to processor 'ps7_cortexa9_0'.
22:19:47 INFO  : 'configparams force-mem-access 0' command is executed.
22:19:47 INFO  : ----------------XSDB Script----------------
connect -url tcp:127.0.0.1:3121
source C:/Users/opqrs/Desktop/00_RTL_Skeleton/dsd_mlp.sdk/design_1_wrapper_hw_platform_0/ps7_init.tcl
targets -set -nocase -filter {name =~"APU*" && jtag_cable_name =~ "Digilent Zybo Z7 210351B10480A"} -index 0
rst -system
after 3000
targets -set -filter {jtag_cable_name =~ "Digilent Zybo Z7 210351B10480A" && level==0} -index 1
fpga -file C:/Users/opqrs/Desktop/00_RTL_Skeleton/dsd_mlp.sdk/design_1_wrapper_hw_platform_0/design_1_wrapper.bit
targets -set -nocase -filter {name =~"APU*" && jtag_cable_name =~ "Digilent Zybo Z7 210351B10480A"} -index 0
loadhw -hw C:/Users/opqrs/Desktop/00_RTL_Skeleton/dsd_mlp.sdk/design_1_wrapper_hw_platform_0/system.hdf -mem-ranges [list {0x40000000 0xbfffffff}]
configparams force-mem-access 1
targets -set -nocase -filter {name =~"APU*" && jtag_cable_name =~ "Digilent Zybo Z7 210351B10480A"} -index 0
ps7_init
ps7_post_config
targets -set -nocase -filter {name =~ "ARM*#0" && jtag_cable_name =~ "Digilent Zybo Z7 210351B10480A"} -index 0
dow C:/Users/opqrs/Desktop/00_RTL_Skeleton/dsd_mlp.sdk/dsd_mlp/Debug/dsd_mlp.elf
configparams force-mem-access 0
----------------End of Script----------------

22:19:47 INFO  : Context for processor 'ps7_cortexa9_0' is selected.
22:19:47 INFO  : 'con' command is executed.
22:19:47 INFO  : ----------------XSDB Script (After Launch)----------------
targets -set -nocase -filter {name =~ "ARM*#0" && jtag_cable_name =~ "Digilent Zybo Z7 210351B10480A"} -index 0
con
----------------End of Script----------------

22:19:47 INFO  : Disconnected from the channel tcfchan#1.
22:20:10 INFO  : Connected to target on host '127.0.0.1' and port '3121'.
22:20:11 INFO  : Jtag cable 'Digilent Zybo Z7 210351B10480A' is selected.
22:20:11 INFO  : 'jtag frequency' command is executed.
22:20:11 INFO  : Sourcing of 'C:/Users/opqrs/Desktop/00_RTL_Skeleton/dsd_mlp.sdk/design_1_wrapper_hw_platform_0/ps7_init.tcl' is done.
22:20:11 INFO  : Context for 'APU' is selected.
22:20:11 INFO  : System reset is completed.
22:20:14 INFO  : 'after 3000' command is executed.
22:20:14 INFO  : 'targets -set -filter {jtag_cable_name =~ "Digilent Zybo Z7 210351B10480A" && level==0} -index 1' command is executed.
22:20:16 INFO  : FPGA configured successfully with bitstream "C:/Users/opqrs/Desktop/00_RTL_Skeleton/dsd_mlp.sdk/design_1_wrapper_hw_platform_0/design_1_wrapper.bit"
22:20:16 INFO  : Context for 'APU' is selected.
22:20:18 INFO  : Hardware design information is loaded from 'C:/Users/opqrs/Desktop/00_RTL_Skeleton/dsd_mlp.sdk/design_1_wrapper_hw_platform_0/system.hdf'.
22:20:18 INFO  : 'configparams force-mem-access 1' command is executed.
22:20:18 INFO  : Context for 'APU' is selected.
22:20:18 INFO  : 'ps7_init' command is executed.
22:20:18 INFO  : 'ps7_post_config' command is executed.
22:20:18 INFO  : Context for processor 'ps7_cortexa9_0' is selected.
22:20:18 INFO  : The application 'C:/Users/opqrs/Desktop/00_RTL_Skeleton/dsd_mlp.sdk/dsd_mlp/Debug/dsd_mlp.elf' is downloaded to processor 'ps7_cortexa9_0'.
22:20:18 INFO  : 'configparams force-mem-access 0' command is executed.
22:20:18 INFO  : ----------------XSDB Script----------------
connect -url tcp:127.0.0.1:3121
source C:/Users/opqrs/Desktop/00_RTL_Skeleton/dsd_mlp.sdk/design_1_wrapper_hw_platform_0/ps7_init.tcl
targets -set -nocase -filter {name =~"APU*" && jtag_cable_name =~ "Digilent Zybo Z7 210351B10480A"} -index 0
rst -system
after 3000
targets -set -filter {jtag_cable_name =~ "Digilent Zybo Z7 210351B10480A" && level==0} -index 1
fpga -file C:/Users/opqrs/Desktop/00_RTL_Skeleton/dsd_mlp.sdk/design_1_wrapper_hw_platform_0/design_1_wrapper.bit
targets -set -nocase -filter {name =~"APU*" && jtag_cable_name =~ "Digilent Zybo Z7 210351B10480A"} -index 0
loadhw -hw C:/Users/opqrs/Desktop/00_RTL_Skeleton/dsd_mlp.sdk/design_1_wrapper_hw_platform_0/system.hdf -mem-ranges [list {0x40000000 0xbfffffff}]
configparams force-mem-access 1
targets -set -nocase -filter {name =~"APU*" && jtag_cable_name =~ "Digilent Zybo Z7 210351B10480A"} -index 0
ps7_init
ps7_post_config
targets -set -nocase -filter {name =~ "ARM*#0" && jtag_cable_name =~ "Digilent Zybo Z7 210351B10480A"} -index 0
dow C:/Users/opqrs/Desktop/00_RTL_Skeleton/dsd_mlp.sdk/dsd_mlp/Debug/dsd_mlp.elf
configparams force-mem-access 0
----------------End of Script----------------

22:20:18 INFO  : Context for processor 'ps7_cortexa9_0' is selected.
22:20:18 INFO  : 'con' command is executed.
22:20:18 INFO  : ----------------XSDB Script (After Launch)----------------
targets -set -nocase -filter {name =~ "ARM*#0" && jtag_cable_name =~ "Digilent Zybo Z7 210351B10480A"} -index 0
con
----------------End of Script----------------

22:20:18 INFO  : Disconnected from the channel tcfchan#2.
