Vivado Simulator 2019.1
Copyright 1986-1999, 2001-2019 Xilinx, Inc. All Rights Reserved.
Running: C:/Xilinx/Vivado/2019.1/bin/unwrapped/win64.o/xelab.exe -wto 47877f89ee7641e59098d0229991100e --incr --debug typical --relax --mt 2 -L xil_defaultlib -L xilinx_vip -L unisims_ver -L unimacro_ver -L secureip -L xpm --snapshot top_tb_behav xil_defaultlib.top_tb xil_defaultlib.glbl -log elaborate.log 
Using 2 slave threads.
Starting static elaboration
Completed static elaboration
Starting simulation data flow analysis
WARNING: [XSIM 43-4099] "C:/Users/ddd31/Desktop/00_RTL_Skeleton/dsd_mlp.srcs/sources_1/new/top.v" Line 1. Module top(image_number=10,FPW=32,ROMPATH="C:/Users/ddd31/Desktop/roms/",ROMHEX="IMGROM10.txt") doesn't have a timescale but at least one module in design has a timescale.
WARNING: [XSIM 43-4099] "C:/Users/ddd31/Desktop/00_RTL_Skeleton/dsd_mlp.srcs/sources_1/new/glbl_ctrl.v" Line 1. Module glbl_ctrl(image_number=10,input_addr_width=13) doesn't have a timescale but at least one module in design has a timescale.
WARNING: [XSIM 43-4099] "C:/Users/ddd31/Desktop/00_RTL_Skeleton/dsd_mlp.srcs/sources_1/new/x_buffer.v" Line 1. Module x_buffer(input_addr_width=13,input_data_width=32,ROMPATH="C:/Users/ddd31/Desktop/roms/",ROMHEX="IMGROM10.txt") doesn't have a timescale but at least one module in design has a timescale.
WARNING: [XSIM 43-4099] "C:/Users/ddd31/Desktop/00_RTL_Skeleton/dsd_mlp.srcs/sources_1/new/w_buffer.v" Line 1. Module w_buffer(ROMPATH="C:/Users/ddd31/Desktop/roms/") doesn't have a timescale but at least one module in design has a timescale.
WARNING: [XSIM 43-4099] "C:/Users/ddd31/Desktop/00_RTL_Skeleton/dsd_mlp.srcs/sources_1/new/w_distributor.v" Line 3. Module w_distributor doesn't have a timescale but at least one module in design has a timescale.
WARNING: [XSIM 43-4099] "C:/Users/ddd31/Desktop/00_RTL_Skeleton/dsd_mlp.srcs/sources_1/new/pu.v" Line 3. Module pu_default doesn't have a timescale but at least one module in design has a timescale.
WARNING: [XSIM 43-4099] "C:/Users/ddd31/Desktop/00_RTL_Skeleton/dsd_mlp.srcs/sources_1/new/mac.v" Line 1. Module mac doesn't have a timescale but at least one module in design has a timescale.
WARNING: [XSIM 43-4099] "C:/Users/ddd31/Desktop/00_RTL_Skeleton/dsd_mlp.srcs/sources_1/new/mac.v" Line 1. Module mac doesn't have a timescale but at least one module in design has a timescale.
WARNING: [XSIM 43-4099] "C:/Users/ddd31/Desktop/00_RTL_Skeleton/dsd_mlp.srcs/sources_1/new/mac.v" Line 1. Module mac doesn't have a timescale but at least one module in design has a timescale.
WARNING: [XSIM 43-4099] "C:/Users/ddd31/Desktop/00_RTL_Skeleton/dsd_mlp.srcs/sources_1/new/mac.v" Line 1. Module mac doesn't have a timescale but at least one module in design has a timescale.
WARNING: [XSIM 43-4099] "C:/Users/ddd31/Desktop/00_RTL_Skeleton/dsd_mlp.srcs/sources_1/new/mac.v" Line 1. Module mac doesn't have a timescale but at least one module in design has a timescale.
WARNING: [XSIM 43-4099] "C:/Users/ddd31/Desktop/00_RTL_Skeleton/dsd_mlp.srcs/sources_1/new/mac.v" Line 1. Module mac doesn't have a timescale but at least one module in design has a timescale.
WARNING: [XSIM 43-4099] "C:/Users/ddd31/Desktop/00_RTL_Skeleton/dsd_mlp.srcs/sources_1/new/mac.v" Line 1. Module mac doesn't have a timescale but at least one module in design has a timescale.
WARNING: [XSIM 43-4099] "C:/Users/ddd31/Desktop/00_RTL_Skeleton/dsd_mlp.srcs/sources_1/new/mac.v" Line 1. Module mac doesn't have a timescale but at least one module in design has a timescale.
WARNING: [XSIM 43-4099] "C:/Users/ddd31/Desktop/00_RTL_Skeleton/dsd_mlp.srcs/sources_1/new/shift_register.v" Line 2. Module shift_register doesn't have a timescale but at least one module in design has a timescale.
WARNING: [XSIM 43-4099] "C:/Users/ddd31/Desktop/00_RTL_Skeleton/dsd_mlp.srcs/sources_1/new/mac.v" Line 1. Module mac doesn't have a timescale but at least one module in design has a timescale.
WARNING: [XSIM 43-4099] "C:/Users/ddd31/Desktop/00_RTL_Skeleton/dsd_mlp.srcs/sources_1/new/mac.v" Line 1. Module mac doesn't have a timescale but at least one module in design has a timescale.
WARNING: [XSIM 43-4099] "C:/Users/ddd31/Desktop/00_RTL_Skeleton/dsd_mlp.srcs/sources_1/new/mac.v" Line 1. Module mac doesn't have a timescale but at least one module in design has a timescale.
WARNING: [XSIM 43-4099] "C:/Users/ddd31/Desktop/00_RTL_Skeleton/dsd_mlp.srcs/sources_1/new/mac.v" Line 1. Module mac doesn't have a timescale but at least one module in design has a timescale.
WARNING: [XSIM 43-4099] "C:/Users/ddd31/Desktop/00_RTL_Skeleton/dsd_mlp.srcs/sources_1/new/mac.v" Line 1. Module mac doesn't have a timescale but at least one module in design has a timescale.
WARNING: [XSIM 43-4099] "C:/Users/ddd31/Desktop/00_RTL_Skeleton/dsd_mlp.srcs/sources_1/new/mac.v" Line 1. Module mac doesn't have a timescale but at least one module in design has a timescale.
WARNING: [XSIM 43-4099] "C:/Users/ddd31/Desktop/00_RTL_Skeleton/dsd_mlp.srcs/sources_1/new/mac.v" Line 1. Module mac doesn't have a timescale but at least one module in design has a timescale.
WARNING: [XSIM 43-4099] "C:/Users/ddd31/Desktop/00_RTL_Skeleton/dsd_mlp.srcs/sources_1/new/mac.v" Line 1. Module mac doesn't have a timescale but at least one module in design has a timescale.
WARNING: [XSIM 43-4099] "C:/Users/ddd31/Desktop/00_RTL_Skeleton/dsd_mlp.srcs/sources_1/new/shift_register.v" Line 2. Module shift_register doesn't have a timescale but at least one module in design has a timescale.
WARNING: [XSIM 43-4099] "C:/Users/ddd31/Desktop/00_RTL_Skeleton/dsd_mlp.srcs/sources_1/new/mac.v" Line 1. Module mac doesn't have a timescale but at least one module in design has a timescale.
WARNING: [XSIM 43-4099] "C:/Users/ddd31/Desktop/00_RTL_Skeleton/dsd_mlp.srcs/sources_1/new/mac.v" Line 1. Module mac doesn't have a timescale but at least one module in design has a timescale.
WARNING: [XSIM 43-4099] "C:/Users/ddd31/Desktop/00_RTL_Skeleton/dsd_mlp.srcs/sources_1/new/mac.v" Line 1. Module mac doesn't have a timescale but at least one module in design has a timescale.
WARNING: [XSIM 43-4099] "C:/Users/ddd31/Desktop/00_RTL_Skeleton/dsd_mlp.srcs/sources_1/new/mac.v" Line 1. Module mac doesn't have a timescale but at least one module in design has a timescale.
WARNING: [XSIM 43-4099] "C:/Users/ddd31/Desktop/00_RTL_Skeleton/dsd_mlp.srcs/sources_1/new/mac.v" Line 1. Module mac doesn't have a timescale but at least one module in design has a timescale.
WARNING: [XSIM 43-4099] "C:/Users/ddd31/Desktop/00_RTL_Skeleton/dsd_mlp.srcs/sources_1/new/mac.v" Line 1. Module mac doesn't have a timescale but at least one module in design has a timescale.
WARNING: [XSIM 43-4099] "C:/Users/ddd31/Desktop/00_RTL_Skeleton/dsd_mlp.srcs/sources_1/new/mac.v" Line 1. Module mac doesn't have a timescale but at least one module in design has a timescale.
WARNING: [XSIM 43-4099] "C:/Users/ddd31/Desktop/00_RTL_Skeleton/dsd_mlp.srcs/sources_1/new/mac.v" Line 1. Module mac doesn't have a timescale but at least one module in design has a timescale.
WARNING: [XSIM 43-4099] "C:/Users/ddd31/Desktop/00_RTL_Skeleton/dsd_mlp.srcs/sources_1/new/shift_register.v" Line 2. Module shift_register doesn't have a timescale but at least one module in design has a timescale.
WARNING: [XSIM 43-4099] "C:/Users/ddd31/Desktop/00_RTL_Skeleton/dsd_mlp.srcs/sources_1/new/mac.v" Line 1. Module mac doesn't have a timescale but at least one module in design has a timescale.
WARNING: [XSIM 43-4099] "C:/Users/ddd31/Desktop/00_RTL_Skeleton/dsd_mlp.srcs/sources_1/new/mac.v" Line 1. Module mac doesn't have a timescale but at least one module in design has a timescale.
WARNING: [XSIM 43-4099] "C:/Users/ddd31/Desktop/00_RTL_Skeleton/dsd_mlp.srcs/sources_1/new/mac.v" Line 1. Module mac doesn't have a timescale but at least one module in design has a timescale.
WARNING: [XSIM 43-4099] "C:/Users/ddd31/Desktop/00_RTL_Skeleton/dsd_mlp.srcs/sources_1/new/mac.v" Line 1. Module mac doesn't have a timescale but at least one module in design has a timescale.
WARNING: [XSIM 43-4099] "C:/Users/ddd31/Desktop/00_RTL_Skeleton/dsd_mlp.srcs/sources_1/new/mac.v" Line 1. Module mac doesn't have a timescale but at least one module in design has a timescale.
WARNING: [XSIM 43-4099] "C:/Users/ddd31/Desktop/00_RTL_Skeleton/dsd_mlp.srcs/sources_1/new/mac.v" Line 1. Module mac doesn't have a timescale but at least one module in design has a timescale.
WARNING: [XSIM 43-4099] "C:/Users/ddd31/Desktop/00_RTL_Skeleton/dsd_mlp.srcs/sources_1/new/mac.v" Line 1. Module mac doesn't have a timescale but at least one module in design has a timescale.
WARNING: [XSIM 43-4099] "C:/Users/ddd31/Desktop/00_RTL_Skeleton/dsd_mlp.srcs/sources_1/new/mac.v" Line 1. Module mac doesn't have a timescale but at least one module in design has a timescale.
WARNING: [XSIM 43-4099] "C:/Users/ddd31/Desktop/00_RTL_Skeleton/dsd_mlp.srcs/sources_1/new/shift_register.v" Line 2. Module shift_register doesn't have a timescale but at least one module in design has a timescale.
WARNING: [XSIM 43-4099] "C:/Users/ddd31/Desktop/00_RTL_Skeleton/dsd_mlp.srcs/sources_1/new/mac.v" Line 1. Module mac doesn't have a timescale but at least one module in design has a timescale.
WARNING: [XSIM 43-4099] "C:/Users/ddd31/Desktop/00_RTL_Skeleton/dsd_mlp.srcs/sources_1/new/mac.v" Line 1. Module mac doesn't have a timescale but at least one module in design has a timescale.
WARNING: [XSIM 43-4099] "C:/Users/ddd31/Desktop/00_RTL_Skeleton/dsd_mlp.srcs/sources_1/new/mac.v" Line 1. Module mac doesn't have a timescale but at least one module in design has a timescale.
WARNING: [XSIM 43-4099] "C:/Users/ddd31/Desktop/00_RTL_Skeleton/dsd_mlp.srcs/sources_1/new/mac.v" Line 1. Module mac doesn't have a timescale but at least one module in design has a timescale.
WARNING: [XSIM 43-4099] "C:/Users/ddd31/Desktop/00_RTL_Skeleton/dsd_mlp.srcs/sources_1/new/mac.v" Line 1. Module mac doesn't have a timescale but at least one module in design has a timescale.
WARNING: [XSIM 43-4099] "C:/Users/ddd31/Desktop/00_RTL_Skeleton/dsd_mlp.srcs/sources_1/new/mac.v" Line 1. Module mac doesn't have a timescale but at least one module in design has a timescale.
WARNING: [XSIM 43-4099] "C:/Users/ddd31/Desktop/00_RTL_Skeleton/dsd_mlp.srcs/sources_1/new/mac.v" Line 1. Module mac doesn't have a timescale but at least one module in design has a timescale.
WARNING: [XSIM 43-4099] "C:/Users/ddd31/Desktop/00_RTL_Skeleton/dsd_mlp.srcs/sources_1/new/mac.v" Line 1. Module mac doesn't have a timescale but at least one module in design has a timescale.
WARNING: [XSIM 43-4099] "C:/Users/ddd31/Desktop/00_RTL_Skeleton/dsd_mlp.srcs/sources_1/new/shift_register.v" Line 2. Module shift_register doesn't have a timescale but at least one module in design has a timescale.
WARNING: [XSIM 43-4099] "C:/Users/ddd31/Desktop/00_RTL_Skeleton/dsd_mlp.srcs/sources_1/new/mac.v" Line 1. Module mac doesn't have a timescale but at least one module in design has a timescale.
WARNING: [XSIM 43-4099] "C:/Users/ddd31/Desktop/00_RTL_Skeleton/dsd_mlp.srcs/sources_1/new/mac.v" Line 1. Module mac doesn't have a timescale but at least one module in design has a timescale.
WARNING: [XSIM 43-4099] "C:/Users/ddd31/Desktop/00_RTL_Skeleton/dsd_mlp.srcs/sources_1/new/mac.v" Line 1. Module mac doesn't have a timescale but at least one module in design has a timescale.
WARNING: [XSIM 43-4099] "C:/Users/ddd31/Desktop/00_RTL_Skeleton/dsd_mlp.srcs/sources_1/new/mac.v" Line 1. Module mac doesn't have a timescale but at least one module in design has a timescale.
WARNING: [XSIM 43-4099] "C:/Users/ddd31/Desktop/00_RTL_Skeleton/dsd_mlp.srcs/sources_1/new/mac.v" Line 1. Module mac doesn't have a timescale but at least one module in design has a timescale.
WARNING: [XSIM 43-4099] "C:/Users/ddd31/Desktop/00_RTL_Skeleton/dsd_mlp.srcs/sources_1/new/mac.v" Line 1. Module mac doesn't have a timescale but at least one module in design has a timescale.
WARNING: [XSIM 43-4099] "C:/Users/ddd31/Desktop/00_RTL_Skeleton/dsd_mlp.srcs/sources_1/new/mac.v" Line 1. Module mac doesn't have a timescale but at least one module in design has a timescale.
WARNING: [XSIM 43-4099] "C:/Users/ddd31/Desktop/00_RTL_Skeleton/dsd_mlp.srcs/sources_1/new/mac.v" Line 1. Module mac doesn't have a timescale but at least one module in design has a timescale.
WARNING: [XSIM 43-4099] "C:/Users/ddd31/Desktop/00_RTL_Skeleton/dsd_mlp.srcs/sources_1/new/shift_register.v" Line 2. Module shift_register doesn't have a timescale but at least one module in design has a timescale.
WARNING: [XSIM 43-4099] "C:/Users/ddd31/Desktop/00_RTL_Skeleton/dsd_mlp.srcs/sources_1/new/mac.v" Line 1. Module mac doesn't have a timescale but at least one module in design has a timescale.
WARNING: [XSIM 43-4099] "C:/Users/ddd31/Desktop/00_RTL_Skeleton/dsd_mlp.srcs/sources_1/new/mac.v" Line 1. Module mac doesn't have a timescale but at least one module in design has a timescale.
WARNING: [XSIM 43-4099] "C:/Users/ddd31/Desktop/00_RTL_Skeleton/dsd_mlp.srcs/sources_1/new/mac.v" Line 1. Module mac doesn't have a timescale but at least one module in design has a timescale.
WARNING: [XSIM 43-4099] "C:/Users/ddd31/Desktop/00_RTL_Skeleton/dsd_mlp.srcs/sources_1/new/mac.v" Line 1. Module mac doesn't have a timescale but at least one module in design has a timescale.
WARNING: [XSIM 43-4099] "C:/Users/ddd31/Desktop/00_RTL_Skeleton/dsd_mlp.srcs/sources_1/new/mac.v" Line 1. Module mac doesn't have a timescale but at least one module in design has a timescale.
WARNING: [XSIM 43-4099] "C:/Users/ddd31/Desktop/00_RTL_Skeleton/dsd_mlp.srcs/sources_1/new/mac.v" Line 1. Module mac doesn't have a timescale but at least one module in design has a timescale.
WARNING: [XSIM 43-4099] "C:/Users/ddd31/Desktop/00_RTL_Skeleton/dsd_mlp.srcs/sources_1/new/mac.v" Line 1. Module mac doesn't have a timescale but at least one module in design has a timescale.
WARNING: [XSIM 43-4099] "C:/Users/ddd31/Desktop/00_RTL_Skeleton/dsd_mlp.srcs/sources_1/new/mac.v" Line 1. Module mac doesn't have a timescale but at least one module in design has a timescale.
WARNING: [XSIM 43-4099] "C:/Users/ddd31/Desktop/00_RTL_Skeleton/dsd_mlp.srcs/sources_1/new/shift_register.v" Line 2. Module shift_register doesn't have a timescale but at least one module in design has a timescale.
WARNING: [XSIM 43-4099] "C:/Users/ddd31/Desktop/00_RTL_Skeleton/dsd_mlp.srcs/sources_1/new/mac.v" Line 1. Module mac doesn't have a timescale but at least one module in design has a timescale.
WARNING: [XSIM 43-4099] "C:/Users/ddd31/Desktop/00_RTL_Skeleton/dsd_mlp.srcs/sources_1/new/mac.v" Line 1. Module mac doesn't have a timescale but at least one module in design has a timescale.
WARNING: [XSIM 43-4099] "C:/Users/ddd31/Desktop/00_RTL_Skeleton/dsd_mlp.srcs/sources_1/new/mac.v" Line 1. Module mac doesn't have a timescale but at least one module in design has a timescale.
WARNING: [XSIM 43-4099] "C:/Users/ddd31/Desktop/00_RTL_Skeleton/dsd_mlp.srcs/sources_1/new/mac.v" Line 1. Module mac doesn't have a timescale but at least one module in design has a timescale.
WARNING: [XSIM 43-4099] "C:/Users/ddd31/Desktop/00_RTL_Skeleton/dsd_mlp.srcs/sources_1/new/mac.v" Line 1. Module mac doesn't have a timescale but at least one module in design has a timescale.
WARNING: [XSIM 43-4099] "C:/Users/ddd31/Desktop/00_RTL_Skeleton/dsd_mlp.srcs/sources_1/new/mac.v" Line 1. Module mac doesn't have a timescale but at least one module in design has a timescale.
WARNING: [XSIM 43-4099] "C:/Users/ddd31/Desktop/00_RTL_Skeleton/dsd_mlp.srcs/sources_1/new/mac.v" Line 1. Module mac doesn't have a timescale but at least one module in design has a timescale.
WARNING: [XSIM 43-4099] "C:/Users/ddd31/Desktop/00_RTL_Skeleton/dsd_mlp.srcs/sources_1/new/mac.v" Line 1. Module mac doesn't have a timescale but at least one module in design has a timescale.
WARNING: [XSIM 43-4099] "C:/Users/ddd31/Desktop/00_RTL_Skeleton/dsd_mlp.srcs/sources_1/new/shift_register.v" Line 2. Module shift_register doesn't have a timescale but at least one module in design has a timescale.
WARNING: [XSIM 43-4099] "C:/Users/ddd31/Desktop/00_RTL_Skeleton/dsd_mlp.srcs/sources_1/new/mac.v" Line 1. Module mac doesn't have a timescale but at least one module in design has a timescale.
WARNING: [XSIM 43-4099] "C:/Users/ddd31/Desktop/00_RTL_Skeleton/dsd_mlp.srcs/sources_1/new/mac.v" Line 1. Module mac doesn't have a timescale but at least one module in design has a timescale.
WARNING: [XSIM 43-4099] "C:/Users/ddd31/Desktop/00_RTL_Skeleton/dsd_mlp.srcs/sources_1/new/mac.v" Line 1. Module mac doesn't have a timescale but at least one module in design has a timescale.
WARNING: [XSIM 43-4099] "C:/Users/ddd31/Desktop/00_RTL_Skeleton/dsd_mlp.srcs/sources_1/new/mac.v" Line 1. Module mac doesn't have a timescale but at least one module in design has a timescale.
WARNING: [XSIM 43-4099] "C:/Users/ddd31/Desktop/00_RTL_Skeleton/dsd_mlp.srcs/sources_1/new/mac.v" Line 1. Module mac doesn't have a timescale but at least one module in design has a timescale.
WARNING: [XSIM 43-4099] "C:/Users/ddd31/Desktop/00_RTL_Skeleton/dsd_mlp.srcs/sources_1/new/mac.v" Line 1. Module mac doesn't have a timescale but at least one module in design has a timescale.
WARNING: [XSIM 43-4099] "C:/Users/ddd31/Desktop/00_RTL_Skeleton/dsd_mlp.srcs/sources_1/new/mac.v" Line 1. Module mac doesn't have a timescale but at least one module in design has a timescale.
WARNING: [XSIM 43-4099] "C:/Users/ddd31/Desktop/00_RTL_Skeleton/dsd_mlp.srcs/sources_1/new/mac.v" Line 1. Module mac doesn't have a timescale but at least one module in design has a timescale.
WARNING: [XSIM 43-4099] "C:/Users/ddd31/Desktop/00_RTL_Skeleton/dsd_mlp.srcs/sources_1/new/shift_register.v" Line 2. Module shift_register doesn't have a timescale but at least one module in design has a timescale.
WARNING: [XSIM 43-4099] "C:/Users/ddd31/Desktop/00_RTL_Skeleton/dsd_mlp.srcs/sources_1/new/mac.v" Line 1. Module mac doesn't have a timescale but at least one module in design has a timescale.
WARNING: [XSIM 43-4099] "C:/Users/ddd31/Desktop/00_RTL_Skeleton/dsd_mlp.srcs/sources_1/new/mac.v" Line 1. Module mac doesn't have a timescale but at least one module in design has a timescale.
WARNING: [XSIM 43-4099] "C:/Users/ddd31/Desktop/00_RTL_Skeleton/dsd_mlp.srcs/sources_1/new/mac.v" Line 1. Module mac doesn't have a timescale but at least one module in design has a timescale.
WARNING: [XSIM 43-4099] "C:/Users/ddd31/Desktop/00_RTL_Skeleton/dsd_mlp.srcs/sources_1/new/mac.v" Line 1. Module mac doesn't have a timescale but at least one module in design has a timescale.
WARNING: [XSIM 43-4099] "C:/Users/ddd31/Desktop/00_RTL_Skeleton/dsd_mlp.srcs/sources_1/new/mac.v" Line 1. Module mac doesn't have a timescale but at least one module in design has a timescale.
WARNING: [XSIM 43-4099] "C:/Users/ddd31/Desktop/00_RTL_Skeleton/dsd_mlp.srcs/sources_1/new/mac.v" Line 1. Module mac doesn't have a timescale but at least one module in design has a timescale.
WARNING: [XSIM 43-4099] "C:/Users/ddd31/Desktop/00_RTL_Skeleton/dsd_mlp.srcs/sources_1/new/mac.v" Line 1. Module mac doesn't have a timescale but at least one module in design has a timescale.
WARNING: [XSIM 43-4099] "C:/Users/ddd31/Desktop/00_RTL_Skeleton/dsd_mlp.srcs/sources_1/new/mac.v" Line 1. Module mac doesn't have a timescale but at least one module in design has a timescale.
WARNING: [XSIM 43-4099] "C:/Users/ddd31/Desktop/00_RTL_Skeleton/dsd_mlp.srcs/sources_1/new/shift_register.v" Line 2. Module shift_register doesn't have a timescale but at least one module in design has a timescale.
WARNING: [XSIM 43-4099] "C:/Users/ddd31/Desktop/00_RTL_Skeleton/dsd_mlp.srcs/sources_1/new/mac.v" Line 1. Module mac doesn't have a timescale but at least one module in design has a timescale.
WARNING: [XSIM 43-4099] "C:/Users/ddd31/Desktop/00_RTL_Skeleton/dsd_mlp.srcs/sources_1/new/mac.v" Line 1. Module mac doesn't have a timescale but at least one module in design has a timescale.
WARNING: [XSIM 43-4099] "C:/Users/ddd31/Desktop/00_RTL_Skeleton/dsd_mlp.srcs/sources_1/new/mac.v" Line 1. Module mac doesn't have a timescale but at least one module in design has a timescale.
WARNING: [XSIM 43-4099] "C:/Users/ddd31/Desktop/00_RTL_Skeleton/dsd_mlp.srcs/sources_1/new/mac.v" Line 1. Module mac doesn't have a timescale but at least one module in design has a timescale.
INFO: [Common 17-14] Message 'XSIM 43-4099' appears 100 times and further instances of the messages will be disabled. Use the Tcl command set_msg_config to change the current settings.
Completed simulation data flow analysis
Time Resolution for simulation is 1ps
Compiling module xil_defaultlib.glbl_ctrl(image_number=10,input_...
Compiling module xil_defaultlib.x_buffer(input_addr_width=13,inp...
Compiling module xil_defaultlib.w_buffer(ROMPATH="C:/Users/ddd31...
Compiling module xil_defaultlib.w_distributor
Compiling module xil_defaultlib.mac
Compiling module xil_defaultlib.shift_register
Compiling module xil_defaultlib.pu_default
Compiling module xil_defaultlib.temp_buf(output_addr_width=7)
Compiling module xil_defaultlib.top(image_number=10,FPW=32,ROMPA...
Compiling module xil_defaultlib.top_tb
Compiling module xil_defaultlib.glbl
Built simulation snapshot top_tb_behav
