09:27:07 INFO  : Registering command handlers for SDK TCF services
09:27:08 INFO  : Launching XSCT server: xsct.bat -interactive C:\streamline\dsd_mlp.sdk\temp_xsdb_launch_script.tcl
09:27:11 INFO  : XSCT server has started successfully.
09:27:15 INFO  : Successfully done setting XSCT server connection channel  
09:27:15 INFO  : Successfully done setting SDK workspace  
09:27:15 INFO  : Processing command line option -hwspec C:/streamline/dsd_mlp.sdk/design_1_wrapper.hdf.
09:29:45 INFO  : Connected to target on host '127.0.0.1' and port '3121'.
09:29:46 INFO  : Jtag cable 'Digilent Zybo Z7 210351B10480A' is selected.
09:29:46 INFO  : 'jtag frequency' command is executed.
09:29:46 INFO  : Sourcing of 'C:/streamline/dsd_mlp.sdk/design_1_wrapper_hw_platform_0/ps7_init.tcl' is done.
09:29:46 INFO  : Context for 'APU' is selected.
09:29:46 INFO  : System reset is completed.
09:29:49 INFO  : 'after 3000' command is executed.
09:29:49 INFO  : 'targets -set -filter {jtag_cable_name =~ "Digilent Zybo Z7 210351B10480A" && level==0} -index 1' command is executed.
09:29:52 INFO  : FPGA configured successfully with bitstream "C:/streamline/dsd_mlp.sdk/design_1_wrapper_hw_platform_0/design_1_wrapper.bit"
09:29:52 INFO  : Context for 'APU' is selected.
09:29:52 INFO  : Hardware design information is loaded from 'C:/streamline/dsd_mlp.sdk/design_1_wrapper_hw_platform_0/system.hdf'.
09:29:52 INFO  : 'configparams force-mem-access 1' command is executed.
09:29:52 INFO  : Context for 'APU' is selected.
09:29:52 INFO  : 'ps7_init' command is executed.
09:29:52 INFO  : 'ps7_post_config' command is executed.
09:29:52 INFO  : Context for processor 'ps7_cortexa9_0' is selected.
09:29:52 INFO  : The application 'C:/streamline/dsd_mlp.sdk/dsd_mlp/Debug/dsd_mlp.elf' is downloaded to processor 'ps7_cortexa9_0'.
09:29:52 INFO  : 'configparams force-mem-access 0' command is executed.
09:29:52 INFO  : ----------------XSDB Script----------------
connect -url tcp:127.0.0.1:3121
source C:/streamline/dsd_mlp.sdk/design_1_wrapper_hw_platform_0/ps7_init.tcl
targets -set -nocase -filter {name =~"APU*" && jtag_cable_name =~ "Digilent Zybo Z7 210351B10480A"} -index 0
rst -system
after 3000
targets -set -filter {jtag_cable_name =~ "Digilent Zybo Z7 210351B10480A" && level==0} -index 1
fpga -file C:/streamline/dsd_mlp.sdk/design_1_wrapper_hw_platform_0/design_1_wrapper.bit
targets -set -nocase -filter {name =~"APU*" && jtag_cable_name =~ "Digilent Zybo Z7 210351B10480A"} -index 0
loadhw -hw C:/streamline/dsd_mlp.sdk/design_1_wrapper_hw_platform_0/system.hdf -mem-ranges [list {0x40000000 0xbfffffff}]
configparams force-mem-access 1
targets -set -nocase -filter {name =~"APU*" && jtag_cable_name =~ "Digilent Zybo Z7 210351B10480A"} -index 0
ps7_init
ps7_post_config
targets -set -nocase -filter {name =~ "ARM*#0" && jtag_cable_name =~ "Digilent Zybo Z7 210351B10480A"} -index 0
dow C:/streamline/dsd_mlp.sdk/dsd_mlp/Debug/dsd_mlp.elf
configparams force-mem-access 0
----------------End of Script----------------

09:29:52 INFO  : Context for processor 'ps7_cortexa9_0' is selected.
09:29:52 INFO  : 'con' command is executed.
09:29:52 INFO  : ----------------XSDB Script (After Launch)----------------
targets -set -nocase -filter {name =~ "ARM*#0" && jtag_cable_name =~ "Digilent Zybo Z7 210351B10480A"} -index 0
con
----------------End of Script----------------

09:29:52 INFO  : Disconnected from the channel tcfchan#1.
09:30:16 INFO  : Connected to target on host '127.0.0.1' and port '3121'.
09:30:16 INFO  : Jtag cable 'Digilent Zybo Z7 210351B10480A' is selected.
09:30:17 INFO  : 'jtag frequency' command is executed.
09:30:17 INFO  : Sourcing of 'C:/streamline/dsd_mlp.sdk/design_1_wrapper_hw_platform_0/ps7_init.tcl' is done.
09:30:17 INFO  : Context for 'APU' is selected.
09:30:17 INFO  : System reset is completed.
09:30:20 INFO  : 'after 3000' command is executed.
09:30:20 INFO  : 'targets -set -filter {jtag_cable_name =~ "Digilent Zybo Z7 210351B10480A" && level==0} -index 1' command is executed.
09:30:22 INFO  : FPGA configured successfully with bitstream "C:/streamline/dsd_mlp.sdk/design_1_wrapper_hw_platform_0/design_1_wrapper.bit"
09:30:22 INFO  : Context for 'APU' is selected.
09:30:22 INFO  : Hardware design information is loaded from 'C:/streamline/dsd_mlp.sdk/design_1_wrapper_hw_platform_0/system.hdf'.
09:30:22 INFO  : 'configparams force-mem-access 1' command is executed.
09:30:22 INFO  : Context for 'APU' is selected.
09:30:23 INFO  : 'ps7_init' command is executed.
09:30:23 INFO  : 'ps7_post_config' command is executed.
09:30:23 INFO  : Context for processor 'ps7_cortexa9_0' is selected.
09:30:23 INFO  : The application 'C:/streamline/dsd_mlp.sdk/dsd_mlp/Debug/dsd_mlp.elf' is downloaded to processor 'ps7_cortexa9_0'.
09:30:23 INFO  : 'configparams force-mem-access 0' command is executed.
09:30:23 INFO  : ----------------XSDB Script----------------
connect -url tcp:127.0.0.1:3121
source C:/streamline/dsd_mlp.sdk/design_1_wrapper_hw_platform_0/ps7_init.tcl
targets -set -nocase -filter {name =~"APU*" && jtag_cable_name =~ "Digilent Zybo Z7 210351B10480A"} -index 0
rst -system
after 3000
targets -set -filter {jtag_cable_name =~ "Digilent Zybo Z7 210351B10480A" && level==0} -index 1
fpga -file C:/streamline/dsd_mlp.sdk/design_1_wrapper_hw_platform_0/design_1_wrapper.bit
targets -set -nocase -filter {name =~"APU*" && jtag_cable_name =~ "Digilent Zybo Z7 210351B10480A"} -index 0
loadhw -hw C:/streamline/dsd_mlp.sdk/design_1_wrapper_hw_platform_0/system.hdf -mem-ranges [list {0x40000000 0xbfffffff}]
configparams force-mem-access 1
targets -set -nocase -filter {name =~"APU*" && jtag_cable_name =~ "Digilent Zybo Z7 210351B10480A"} -index 0
ps7_init
ps7_post_config
targets -set -nocase -filter {name =~ "ARM*#0" && jtag_cable_name =~ "Digilent Zybo Z7 210351B10480A"} -index 0
dow C:/streamline/dsd_mlp.sdk/dsd_mlp/Debug/dsd_mlp.elf
configparams force-mem-access 0
----------------End of Script----------------

09:30:23 INFO  : Context for processor 'ps7_cortexa9_0' is selected.
09:30:23 INFO  : 'con' command is executed.
09:30:23 INFO  : ----------------XSDB Script (After Launch)----------------
targets -set -nocase -filter {name =~ "ARM*#0" && jtag_cable_name =~ "Digilent Zybo Z7 210351B10480A"} -index 0
con
----------------End of Script----------------

09:30:23 INFO  : Disconnected from the channel tcfchan#2.
